Melanoma
PID is 1194984
Welcome back andrioloma!
Working directory is: /home/andrioloma/MasterThesis
/usr/local/lib/R/site-library/usr/local/lib/R/library


processing file: unique.Rmd
1/16                        
2/16 [unnamed-chunk-1]      
3/16                        
4/16 [setup]                
5/16                        
6/16 [Load obj dataset]     
  |                                                                              |                                                                      |   0%  |                                                                              |======================================================================| 100%
Calculating gene variances
0%   10   20   30   40   50   60   70   80   90   100%
[----|----|----|----|----|----|----|----|----|----|
**************************************************|
Calculating feature variances of standardized and clipped values
0%   10   20   30   40   50   60   70   80   90   100%
[----|----|----|----|----|----|----|----|----|----|
**************************************************|
Using method 'umap'
0%   10   20   30   40   50   60   70   80   90   100%
[----|----|----|----|----|----|----|----|----|----|
**************************************************|
7/16 [Visualize obj dataset]
8/16                        
9/16 [AA]                   
10/16                        
11/16 [Visualize AA]         
12/16                        
13/16 [Visualize AA simplex] 
14/16                        
15/16 [Visualize Umap AA]    
16/16                        
output file: unique.knit.md

/usr/bin/pandoc +RTS -K512m -RTS unique.knit.md --to html4 --from markdown+autolink_bare_uris+tex_math_single_backslash --output /app/out/Melanoma/Melanoma_files/Melanoma.html --lua-filter /usr/local/lib/R/site-library/rmarkdown/rmarkdown/lua/pagebreak.lua --lua-filter /usr/local/lib/R/site-library/rmarkdown/rmarkdown/lua/latex-div.lua --embed-resources --standalone --variable bs3=TRUE --section-divs --table-of-contents --toc-depth 3 --template /usr/local/lib/R/site-library/rmarkdown/rmd/h/default.html --no-highlight --variable highlightjs=1 --number-sections --variable theme=bootstrap --mathjax --variable 'mathjax-url=https://mathjax.rstudio.com/latest/MathJax.js?config=TeX-AMS-MML_HTMLorMML' --include-in-header /tmp/RtmpS2uJhb/rmarkdown-str123be86544d7de.html 

Output created: /app/out/Melanoma/Melanoma_files/Melanoma.html
/app/Rmd/_main.sh: line 56: kill: (1194984) - No such process
